<?xml version="1.0" encoding="UTF-8" ?>
<testsuite errors="0" failures="0" hostname="Pudim-NB" name="com.furb.poo.exercicios.lista12.questao01.model.ImovelTest" skipped="0" tests="11" time="0.091" timestamp="2024-11-19T23:28:12">
  <properties>
    <property name="javac.test.classpath" value="D:\dev\netbeans\platform\modules\ext\junit-4.13.2.jar:D:\dev\netbeans\platform\modules\ext\hamcrest-core-1.3.jar:build/classes" />
    <property name="java.specification.version" value="17" />
    <property name="libs.spring-framework500.classpath" value="D:\dev\netbeans\platform\modules\org-apache-commons-logging.jar;D:\dev\netbeans\java\modules\ext\cglib-2.2.jar;D:\dev\netbeans\java\modules\ext\spring-5\spring-aop-5.3.31.jar;D:\dev\netbeans\java\modules\ext\spring-5\spring-aspects-5.3.31.jar;D:\dev\netbeans\java\modules\ext\spring-5\spring-beans-5.3.31.jar;D:\dev\netbeans\java\modules\ext\spring-5\spring-context-5.3.31.jar;D:\dev\netbeans\java\modules\ext\spring-5\spring-context-indexer-5.3.31.jar;D:\dev\netbeans\java\modules\ext\spring-5\spring-context-support-5.3.31.jar;D:\dev\netbeans\java\modules\ext\spring-5\spring-core-5.3.31.jar;D:\dev\netbeans\java\modules\ext\spring-5\spring-expression-5.3.31.jar;D:\dev\netbeans\java\modules\ext\spring-5\spring-instrument-5.3.31.jar;D:\dev\netbeans\java\modules\ext\spring-5\spring-jcl-5.3.31.jar;D:\dev\netbeans\java\modules\ext\spring-5\spring-jdbc-5.3.31.jar;D:\dev\netbeans\java\modules\ext\spring-5\spring-jms-5.3.31.jar;D:\dev\netbeans\java\modules\ext\spring-5\spring-messaging-5.3.31.jar;D:\dev\netbeans\java\modules\ext\spring-5\spring-orm-5.3.31.jar;D:\dev\netbeans\java\modules\ext\spring-5\spring-oxm-5.3.31.jar;D:\dev\netbeans\java\modules\ext\spring-5\spring-test-5.3.31.jar;D:\dev\netbeans\java\modules\ext\spring-5\spring-tx-5.3.31.jar;D:\dev\netbeans\java\modules\ext\spring-5\spring-web-5.3.31.jar;D:\dev\netbeans\java\modules\ext\spring-5\spring-webflux-5.3.31.jar;D:\dev\netbeans\java\modules\ext\spring-5\spring-webmvc-5.3.31.jar;D:\dev\netbeans\java\modules\ext\spring-5\spring-websocket-5.3.31.jar" />
    <property name="jar.index.metainf" value="false" />
    <property name="test.binaryincludes" value="&lt;nothing&gt;" />
    <property name="do.jlink" value="false" />
    <property name="debug-transport" value="dt_shmem" />
    <property name="libs.javaee-web-api-8.0.src" value="" />
    <property name="java.vendor.url" value="https://java.oracle.com/" />
    <property name="debug.modulepath" value="" />
    <property name="libs.eclipselink.javadoc" value="D:\dev\netbeans\java\modules\ext\docs\jakarta.persistence-2.2.3-doc.zip" />
    <property name="libs.jsp-compilation.src" value="" />
    <property name="libs.JWSAntTasks.javadoc" value="" />
    <property name="sun.boot.library.path" value="C:\Program Files\Java\jdk-17.0.2\bin" />
    <property name="sun.java.command" value="org.apache.tools.ant.taskdefs.optional.junit.JUnitTestRunner com.furb.poo.exercicios.lista12.questao01.model.ImovelTest skipNonTests=false filtertrace=true haltOnError=false haltOnFailure=false showoutput=true outputtoformatters=true logfailedtests=true threadid=0 logtestlistenerevents=true formatter=org.apache.tools.ant.taskdefs.optional.junit.BriefJUnitResultFormatter formatter=org.apache.tools.ant.taskdefs.optional.junit.XMLJUnitResultFormatter,D:\dev\workspace\FURB\FURB-2024_01-POO-SQ\projeto.pratico.poo.bcc\build\test\results\TEST-com.furb.poo.exercicios.lista12.questao01.model.ImovelTest.xml crashfile=D:\dev\workspace\FURB\FURB-2024_01-POO-SQ\projeto.pratico.poo.bcc\build\junitvmwatcher17053473465569739613.properties propsfile=D:\dev\workspace\FURB\FURB-2024_01-POO-SQ\projeto.pratico.poo.bcc\build\junit8585632377903631975.properties" />
    <property name="jdk.debug" value="release" />
    <property name="javadoc.use" value="true" />
    <property name="javadoc.notree" value="false" />
    <property name="ant.file.projeto.pratico.poo.bcc" value="D:\dev\workspace\FURB\FURB-2024_01-POO-SQ\projeto.pratico.poo.bcc\build.xml" />
    <property name="basedir" value="D:\dev\workspace\FURB\FURB-2024_01-POO-SQ\projeto.pratico.poo.bcc" />
    <property name="java.vm.specification.vendor" value="Oracle Corporation" />
    <property name="java.specification.name" value="Java Platform API Specification" />
    <property name="libs.jsf20.classpath" value="D:\dev\netbeans\enterprise\modules\ext\jsf-2_2\javax.faces.jar" />
    <property name="netbeans.extbrowser.manual_chrome_plugin_install" value="yes" />
    <property name="libs.jakartaee-api-10.0.maven-pom" value="" />
    <property name="libs.spring-framework500.javadoc" value="" />
    <property name="netbeans.default_userdir_root" value="C:\Users\andre\AppData\Roaming\NetBeans" />
    <property name="libs.jsp-compilation-syscp.src" value="" />
    <property name="jdk.home" value="C:\Program Files\Java\jdk-17.0.2" />
    <property name="java.runtime.version" value="17.0.2+8-LTS-86" />
    <property name="libs.eclipselink.maven-pom" value="" />
    <property name="libs.metro.maven-pom" value="" />
    <property name="libs.JAXB-ENDORSED.javadoc" value="" />
    <property name="org.openide.awt.SwingBrowserImpl.do-not-block-awt" value="false" />
    <property name="sun.java2d.noddraw" value="true" />
    <property name="libs.primefaces.javadoc" value="" />
    <property name="libs.jsp-compilation.javadoc" value="" />
    <property name="libs.groovy-all.maven-pom" value="" />
    <property name="libs.restapi.src" value="" />
    <property name="libs.junit_5.javadoc" value="D:\dev\netbeans\platform\docs\junit-jupiter-api-5.10.2-javadoc.jar;D:\dev\netbeans\platform\docs\junit-jupiter-params-5.10.2-javadoc.jar;D:\dev\netbeans\platform\docs\junit-jupiter-engine-5.10.2-javadoc.jar" />
    <property name="libs.jakartaee-api-11.0.maven-pom" value="" />
    <property name="dist.archive.excludes" value="" />
    <property name="java.io.tmpdir" value="C:\Users\andre\AppData\Local\Temp\" />
    <property name="java.version" value="17.0.2" />
    <property name="java.vm.specification.name" value="Java Virtual Machine Specification" />
    <property name="libs.jakartaee-api-8.0.javadoc" value="D:\dev\netbeans\enterprise\docs\jakartaee8-doc-api.jar" />
    <property name="native.encoding" value="Cp1252" />
    <property name="ant.file.projeto.pratico.poo.bcc-impl" value="D:\dev\workspace\FURB\FURB-2024_01-POO-SQ\projeto.pratico.poo.bcc\nbproject\build-impl.xml" />
    <property name="libs.hamcrest.src" value="" />
    <property name="java.library.path" value="C:\Program Files\Java\jdk-17.0.2\bin;C:\WINDOWS\Sun\Java\bin;C:\WINDOWS\system32;C:\WINDOWS;C:\Program Files\Common Files\Oracle\Java\javapath;C:\Program Files (x86)\Common Files\Intel\Shared Libraries\redist\intel64\compiler;C:\Windows\system32;C:\Windows;C:\Windows\System32\Wbem;C:\Windows\System32\WindowsPowerShell\v1.0\;C:\Windows\System32\OpenSSH\;C:\Program Files (x86)\NVIDIA Corporation\PhysX\Common;C:\Program Files\NVIDIA Corporation\NVIDIA NvDLISR;C:\Program Files\nodejs\;C:\Program Files (x86)\dotnet\;C:\WINDOWS\system32;C:\WINDOWS;C:\WINDOWS\System32\Wbem;C:\WINDOWS\System32\WindowsPowerShell\v1.0\;C:\WINDOWS\System32\OpenSSH\;C:\Program Files (x86)\Microsoft SQL Server\160\Tools\Binn\;C:\Program Files\Microsoft SQL Server\160\Tools\Binn\;C:\Program Files\Microsoft SQL Server\Client SDK\ODBC\170\Tools\Binn\;C:\Program Files\Microsoft SQL Server\160\DTS\Binn\;C:\Program Files\Azure Data Studio\bin;D:\dev\tools\maven392\bin;C:\Program Files\Git\cmd;C:\Program Files\MySQL\MySQL Shell 8.0\bin\;C:\Users\andre\AppData\Local\Microsoft\WindowsApps;C:\Users\andre\AppData\Local\Programs\Microsoft VS Code\bin;C:\Users\andre\AppData\Local\GitHubDesktop\bin;C:\Users\andre\AppData\Roaming\npm;;C:\Program Files\Azure Data Studio\bin;." />
    <property name="java.vendor" value="Oracle Corporation" />
    <property name="libs.groovy-all.src" value="" />
    <property name="libs.testng.javadoc" value="D:\dev\netbeans\platform\docs\testng-6.13.1-javadoc.jar" />
    <property name="meta.inf.dir" value="src/META-INF" />
    <property name="run.upgrademodulepath" value="" />
    <property name="compile.on.save" value="false" />
    <property name="jlink.additionalparam" value="" />
    <property name="libs.testng.maven-pom" value="" />
    <property name="org.openide.version" value="deprecated" />
    <property name="test.includes" value="com/furb/poo/exercicios/lista12/questao01/model/ImovelTest.java" />
    <property name="run.classpath" value="D:\dev\netbeans\platform\modules\ext\junit-4.13.2.jar:D:\dev\netbeans\platform\modules\ext\hamcrest-core-1.3.jar:build/classes" />
    <property name="libs.jaxb.src" value="" />
    <property name="sun.awt.enableExtraMouseButtons" value="true" />
    <property name="test.src.dir" value="test" />
    <property name="org.openide.major.version" value="IDE/1" />
    <property name="ap.proc.none.internal" value="" />
    <property name="org.openide.specification.version" value="6.2" />
    <property name="user.timezone" value="America/Sao_Paulo" />
    <property name="jar.index" value="false" />
    <property name="libs.jpa20-persistence.classpath" value="D:\dev\netbeans\java\modules\ext\eclipselink\jakarta.persistence-2.2.3.jar" />
    <property name="libs.eclipselinkmodelgen.javadoc" value="" />
    <property name="java.vm.specification.version" value="17" />
    <property name="libs.junit_5.classpath" value="D:\dev\netbeans\platform\modules\ext\junit-jupiter-api-5.10.2.jar;D:\dev\netbeans\platform\modules\ext\junit-jupiter-params-5.10.2.jar;D:\dev\netbeans\platform\modules\ext\junit-jupiter-engine-5.10.2.jar" />
    <property name="javadoc.noindex" value="false" />
    <property name="javadoc.private" value="false" />
    <property name="libs.JAXB-ENDORSED.maven-pom" value="" />
    <property name="user.home" value="C:\Users\andre" />
    <property name="libs.eclipselinkmodelgen.maven-pom" value="" />
    <property name="have.sources" value="true" />
    <property name="annotation.processing.processors.list" value="" />
    <property name="javac.deprecation" value="false" />
    <property name="jlink.launcher" value="true" />
    <property name="build.generated.sources.dir" value="build/generated-sources" />
    <property name="plugin.manager.check.updates" value="false" />
    <property name="netbeans.autoupdate.language" value="pt" />
    <property name="polyglot.engine.WarnInterpreterOnly" value="false" />
    <property name="libs.eclipselinkmodelgen.src" value="" />
    <property name="build.compiler.emacs" value="true" />
    <property name="build.classes.excludes" value="**/*.java,**/*.form" />
    <property name="dist.jar" value="dist/projeto.pratico.poo.bcc.jar" />
    <property name="libs.jakartaee-web-api-9.0.classpath" value="D:\dev\netbeans\enterprise\modules\ext\jakarta.jakartaee-web-api-9.0.0.jar" />
    <property name="modules.supported.internal" value="true" />
    <property name="libs.jakartaee-web-api-11.0.maven-pom" value="" />
    <property name="libs.javaee-endorsed-api-7.0.javadoc" value="D:\dev\netbeans\enterprise\docs\javaee-doc-api.jar" />
    <property name="os.version" value="10.0" />
    <property name="jna.nosys" value="false" />
    <property name="netbeans.home" value="D:\dev\netbeans\platform" />
    <property name="libs.CopyLibs.javadoc" value="" />
    <property name="debug-transport-by-os" value="dt_shmem" />
    <property name="libs.jsf20.src" value="" />
    <property name="libs.javaee-api-8.0.javadoc" value="D:\dev\netbeans\enterprise\docs\javaee-doc-api.jar" />
    <property name="java.vm.name" value="Java HotSpot(TM) 64-Bit Server VM" />
    <property name="unnamed.module.internal" value="true" />
    <property name="libs.jakartaee-api-10.0.javadoc" value="D:\dev\netbeans\enterprise\docs\jakartaee10-doc-api.jar" />
    <property name="libs.jstl.javadoc" value="D:\dev\netbeans\enterprise\docs\javaee-doc-api.jar" />
    <property name="libs.javaee-endorsed-api-7.0.maven-pom" value="" />
    <property name="libs.jaxws21.classpath" value="D:\dev\netbeans\java\modules\ext\jaxws22\api\jakarta.jws-api.jar;D:\dev\netbeans\java\modules\ext\jaxws22\api\jakarta.xml.soap-api.jar;D:\dev\netbeans\java\modules\ext\jaxws22\api\jakarta.xml.ws-api.jar;D:\dev\netbeans\java\modules\ext\jaxws22\FastInfoset.jar;D:\dev\netbeans\java\modules\ext\jaxws22\gmbal-api-only.jar;D:\dev\netbeans\java\modules\ext\jaxws22\ha-api.jar;D:\dev\netbeans\java\modules\ext\jaxws22\jakarta.mail.jar;D:\dev\netbeans\java\modules\ext\jaxws22\jaxws-rt.jar;D:\dev\netbeans\java\modules\ext\jaxws22\jaxws-tools.jar;D:\dev\netbeans\java\modules\ext\jaxws22\management-api.jar;D:\dev\netbeans\java\modules\ext\jaxws22\mimepull.jar;D:\dev\netbeans\java\modules\ext\jaxws22\policy.jar;D:\dev\netbeans\java\modules\ext\jaxws22\saaj-impl.jar;D:\dev\netbeans\java\modules\ext\jaxws22\stax-ex.jar;D:\dev\netbeans\java\modules\ext\jaxws22\stax2-api.jar;D:\dev\netbeans\java\modules\ext\jaxws22\streambuffer.jar;D:\dev\netbeans\java\modules\ext\jaxws22\woodstox-core.jar;D:\dev\netbeans\ide\modules\ext\jaxb\api\jaxb-api.jar;D:\dev\netbeans\ide\modules\ext\jaxb\activation.jar;D:\dev\netbeans\ide\modules\ext\jaxb\jaxb-impl.jar;D:\dev\netbeans\ide\modules\ext\jaxb\jaxb-xjc.jar" />
    <property name="libs.restapi.classpath" value="D:\dev\netbeans\enterprise\modules\ext\jaxrs-2.1\jakarta.ws.rs-api-2.1.6.jar" />
    <property name="os.arch" value="amd64" />
    <property name="build.generated.dir" value="build/generated" />
    <property name="libs.jakartaee-web-api-11.0.classpath" value="D:\dev\netbeans\enterprise\modules\ext\jakarta.jakartaee-web-api-11.0.0.jar" />
    <property name="libs.groovy-all.javadoc" value="" />
    <property name="libs.jakartaee-api-8.0.classpath" value="D:\dev\netbeans\enterprise\modules\ext\jakarta.jakartaee-api-8.0.0.jar" />
    <property name="libs.javaee-web-api-7.0.javadoc" value="D:\dev\netbeans\enterprise\docs\javaee-doc-api.jar" />
    <property name="libs.javaee-endorsed-api-6.0.src" value="" />
    <property name="libs.javaee-endorsed-api-7.0.classpath" value="D:\dev\netbeans\enterprise\modules\ext\javaee7-endorsed\javax.annotation-api.jar;D:\dev\netbeans\enterprise\modules\ext\javaee7-endorsed\javax.xml.soap-api.jar;D:\dev\netbeans\enterprise\modules\ext\javaee7-endorsed\jaxb-api-osgi.jar;D:\dev\netbeans\enterprise\modules\ext\javaee7-endorsed\jaxws-api.jar;D:\dev\netbeans\enterprise\modules\ext\javaee7-endorsed\jsr181-api.jar" />
    <property name="org.netbeans.io.suspend" value="0" />
    <property name="libs.primefaces.maven-pom" value="" />
    <property name="ant.file.type.projeto.pratico.poo.bcc" value="file" />
    <property name="ant.project.name" value="projeto.pratico.poo.bcc" />
    <property name="dist.javadoc.dir" value="dist/javadoc" />
    <property name="default.javac.target" value="17" />
    <property name="javac.fork" value="true" />
    <property name="libs.eclipselink.classpath" value="D:\dev\netbeans\java\modules\ext\eclipselink\org.eclipse.persistence.core-2.7.12.jar;D:\dev\netbeans\java\modules\ext\eclipselink\org.eclipse.persistence.asm-9.4.0.jar;D:\dev\netbeans\java\modules\ext\eclipselink\org.eclipse.persistence.antlr-2.7.12.jar;D:\dev\netbeans\java\modules\ext\eclipselink\org.eclipse.persistence.jpa-2.7.12.jar;D:\dev\netbeans\java\modules\ext\eclipselink\org.eclipse.persistence.jpa.jpql-2.7.12.jar;D:\dev\netbeans\java\modules\ext\eclipselink\org.eclipse.persistence.moxy-2.7.12.jar;D:\dev\netbeans\java\modules\ext\eclipselink\jakarta.persistence-2.2.3.jar" />
    <property name="libs.PostgreSQLDriver.maven-pom" value="" />
    <property name="libs.absolutelayout.src" value="" />
    <property name="libs.jakartaee-api-11.0.classpath" value="D:\dev\netbeans\enterprise\modules\ext\jakarta.jakartaee-api-11.0.0.jar" />
    <property name="testng.mode" value="testng" />
    <property name="annotation.processing.enabled.in.editor" value="false" />
    <property name="java.vm.compressedOopsMode" value="Zero based" />
    <property name="netbeans.productversion" value="Apache NetBeans IDE 22" />
    <property name="mkdist.disabled" value="false" />
    <property name="libs.javaee-web-api-6.0.javadoc" value="D:\dev\netbeans\enterprise\docs\javaee-doc-api.jar" />
    <property name="libs.groovy-all.classpath" value="D:\dev\netbeans\groovy\modules\ext\groovy-3.0.8.jar;D:\dev\netbeans\groovy\modules\ext\groovy-ant-3.0.8.jar" />
    <property name="libs.javaee-api-7.0.maven-pom" value="" />
    <property name="libs.absolutelayout.javadoc" value="" />
    <property name="module.build.classes.dir" value="build/classes" />
    <property name="libs.jaxb.maven-pom" value="" />
    <property name="annotation.processing.processor.options" value="" />
    <property name="libs.javaee-api-6.0.maven-pom" value="" />
    <property name="dist.dir" value="dist" />
    <property name="build.dir" value="build" />
    <property name="libs.graaljs.maven-pom" value="" />
    <property name="netbeans.autoupdate.variant" value="" />
    <property name="javadoc.version" value="false" />
    <property name="libs.metro.classpath" value="D:\dev\netbeans\ide\modules\ext\jaxb\activation.jar;D:\dev\netbeans\enterprise\modules\ext\metro\webservices-api.jar;D:\dev\netbeans\enterprise\modules\ext\metro\webservices-extra-api.jar;D:\dev\netbeans\enterprise\modules\ext\metro\webservices-extra.jar;D:\dev\netbeans\enterprise\modules\ext\metro\webservices-rt.jar;D:\dev\netbeans\enterprise\modules\ext\metro\webservices-tools.jar" />
    <property name="libs.metro.src" value="" />
    <property name="libs.CopyLibs.classpath" value="D:\dev\netbeans\java\ant\extra\org-netbeans-modules-java-j2seproject-copylibstask.jar" />
    <property name="sun.os.patch.level" value="" />
    <property name="libs.jakartaee-api-11.0.javadoc" value="D:\dev\netbeans\enterprise\docs\jakartaee11-doc-api.jar" />
    <property name="javadoc.html5" value="false" />
    <property name="javac.test.processorpath" value="D:\dev\netbeans\platform\modules\ext\junit-4.13.2.jar:D:\dev\netbeans\platform\modules\ext\hamcrest-core-1.3.jar:build/classes" />
    <property name="libs.javaee-web-api-7.0.maven-pom" value="" />
    <property name="libs.javaee-web-api-8.0.maven-pom" value="" />
    <property name="netbeans.dirs" value="D:\dev\netbeans\nb;D:\dev\netbeans\ergonomics;D:\dev\netbeans\ide;D:\dev\netbeans\extide;D:\dev\netbeans\java;D:\dev\netbeans\apisupport;D:\dev\netbeans\webcommon;D:\dev\netbeans\websvccommon;D:\dev\netbeans\enterprise;D:\dev\netbeans\mobility;D:\dev\netbeans\profiler;D:\dev\netbeans\python;D:\dev\netbeans\php;D:\dev\netbeans\identity;D:\dev\netbeans\harness;D:\dev\netbeans\cnd;D:\dev\netbeans\cndext;D:\dev\netbeans\cpplite;D:\dev\netbeans\dlight;D:\dev\netbeans\groovy;D:\dev\netbeans\extra;D:\dev\netbeans\javacard;D:\dev\netbeans\javafx;D:\dev\netbeans\rust" />
    <property name="libs.hamcrest.maven-pom" value="" />
    <property name="javac.processorpath" value="D:\dev\netbeans\platform\modules\ext\junit-4.13.2.jar:D:\dev\netbeans\platform\modules\ext\hamcrest-core-1.3.jar" />
    <property name="libs.javaee-api-6.0.javadoc" value="D:\dev\netbeans\enterprise\docs\javaee-doc-api.jar" />
    <property name="libs.JWSAntTasks.maven-pom" value="" />
    <property name="run.modulepath" value="" />
    <property name="javac.upgrademodulepath" value="" />
    <property name="do.archive+manifest.available" value="true" />
    <property name="apple.laf.useScreenMenuBar" value="true" />
    <property name="user.country" value="BR" />
    <property name="sun.java.launcher" value="SUN_STANDARD" />
    <property name="libs.jakartaee-api-9.0.maven-pom" value="" />
    <property name="libs.restapi.javadoc" value="" />
    <property name="libs.jpa20-persistence.src" value="" />
    <property name="javac.test.sourcepath" value="D:\dev\workspace\FURB\FURB-2024_01-POO-SQ\projeto.pratico.poo.bcc\build\empty" />
    <property name="includes" value="**" />
    <property name="libs.hamcrest.classpath" value="D:\dev\netbeans\platform\modules\ext\hamcrest-core-1.3.jar" />
    <property name="javadoc.splitindex" value="true" />
    <property name="libs.JWSAntTasks.classpath" value="D:\dev\netbeans\java\ant\extra\org-netbeans-modules-javawebstart-anttasks.jar" />
    <property name="junit.available" value="true" />
    <property name="javac.processormodulepath" value="" />
    <property name="javadoc.encoding" value="UTF-8" />
    <property name="libs.jakartaee-api-11.0.src" value="" />
    <property name="netbeans.hash.code" value="unique=09b7c7bae-4bba-4bd2-907c-23ff7476b08a_557fe9d9-6b58-4668-9b57-05fb0578e053" />
    <property name="libs.jstl.src" value="" />
    <property name="libs.jsp-compilation-syscp.maven-pom" value="" />
    <property name="jlink.strip" value="false" />
    <property name="java.runtime.name" value="Java(TM) SE Runtime Environment" />
    <property name="libs.jaxb.javadoc" value="D:\dev\netbeans\ide\docs\jaxb-api-doc.jar" />
    <property name="manifest.available" value="true" />
    <property name="libs.spring-framework500.maven-pom" value="" />
    <property name="run.jvmargs.ide" value="" />
    <property name="ant.file.type.projeto.pratico.poo.bcc-impl" value="file" />
    <property name="ant.core.lib" value="D:\dev\netbeans\extide\ant\lib\ant.jar" />
    <property name="libs.jsp-compilation.maven-pom" value="" />
    <property name="javac.profile.cmd.line.arg" value="" />
    <property name="libs.jakartaee-web-api-11.0.src" value="" />
    <property name="libs.jakartaee-api-9.0.classpath" value="D:\dev\netbeans\enterprise\modules\ext\jakarta.jakartaee-api-9.0.0.jar" />
    <property name="javac.test.modulepath" value="" />
    <property name="libs.jakartaee-api-10.0.src" value="" />
    <property name="libs.PostgreSQLDriver.javadoc" value="" />
    <property name="libs.jsp-compilation-syscp.classpath" value="D:\dev\netbeans\extide\ant\lib\ant.jar;D:\dev\netbeans\enterprise\modules\ext\servlet4.0-jsp2.3-api.jar;D:\dev\netbeans\enterprise\modules\ext\glassfish-jspparser-5.1.0.jar;D:\dev\netbeans\enterprise\modules\ext\jstl-impl.jar;D:\dev\netbeans\enterprise\modules\ext\jsf-2_2\javax.faces.jar" />
    <property name="libs.jsp-compilation.classpath" value="D:\dev\netbeans\extide\ant\lib\ant.jar;D:\dev\netbeans\enterprise\modules\ext\servlet4.0-jsp2.3-api.jar;D:\dev\netbeans\enterprise\modules\ext\glassfish-jspparser-5.1.0.jar;D:\dev\netbeans\enterprise\modules\ext\jsf-2_2\javax.faces.jar;D:\dev\netbeans\enterprise\modules\ext\jstl-api.jar;D:\dev\netbeans\extide\ant\lib\ant-launcher.jar" />
    <property name="org.apache.commons.logging.Log" value="org.apache.commons.logging.impl.Jdk14Logger" />
    <property name="libs.javaee-api-6.0.classpath" value="D:\dev\netbeans\enterprise\modules\ext\javaee-api-6.0.jar" />
    <property name="javac.includesfile.binary" value="D:\dev\workspace\FURB\FURB-2024_01-POO-SQ\projeto.pratico.poo.bcc\null1954647375" />
    <property name="libs.javaee-api-7.0.classpath" value="D:\dev\netbeans\enterprise\modules\ext\javaee-api-7.0.jar" />
    <property name="sun.cpu.isalist" value="amd64" />
    <property name="libs.restapi.maven-pom" value="" />
    <property name="do.depend" value="false" />
    <property name="javadoc.preview" value="true" />
    <property name="libs.jakartaee-web-api-10.0.src" value="" />
    <property name="sun.arch.data.model" value="64" />
    <property name="libs.jakartaee-web-api-9.0.maven-pom" value="" />
    <property name="libs.javaee-endorsed-api-7.0.src" value="" />
    <property name="annotation.processing.enabled" value="true" />
    <property name="libs.junit_5.src" value="D:\dev\netbeans\platform\docs\junit-jupiter-api-5.10.2-sources.jar;D:\dev\netbeans\platform\docs\junit-jupiter-params-5.10.2-sources.jar;D:\dev\netbeans\platform\docs\junit-jupiter-engine-5.10.2-sources.jar" />
    <property name="libs.jaxb.classpath" value="D:\dev\netbeans\ide\modules\ext\jaxb\jaxb-impl.jar;D:\dev\netbeans\ide\modules\ext\jaxb\jaxb-xjc.jar;D:\dev\netbeans\ide\modules\ext\jaxb\activation.jar;D:\dev\netbeans\ide\modules\ext\jaxb\api\jaxb-api.jar" />
    <property name="libs.javaee-api-8.0.classpath" value="D:\dev\netbeans\enterprise\modules\ext\javaee-api-8.0.jar" />
    <property name="libs.CopyLibs.src" value="" />
    <property name="javac.source" value="17" />
    <property name="java.specification.vendor" value="Oracle Corporation" />
    <property name="java.version.date" value="2022-01-18" />
    <property name="java.home" value="C:\Program Files\Java\jdk-17.0.2" />
    <property name="work.dir" value="D:\dev\workspace\FURB\FURB-2024_01-POO-SQ\projeto.pratico.poo.bcc" />
    <property name="javac.test.compilerargs" value="" />
    <property name="jna.boot.library.name" value="jnidispatch-nb" />
    <property name="libs.PostgreSQLDriver.classpath" value="D:\dev\netbeans\ide\modules\ext\postgresql-42.5.4.jar" />
    <property name="libs.graaljs.javadoc" value="" />
    <property name="libs.JAXB-ENDORSED.src" value="" />
    <property name="user.script" value="" />
    <property name="manifest.encoding" value="UTF-8" />
    <property name="sun.management.compiler" value="HotSpot 64-Bit Tiered Compilers" />
    <property name="run.test.modulepath" value="" />
    <property name="libs.graaljs.classpath" value="D:\dev\netbeans\webcommon\modules\ext\js-launcher-24.0.0.jar;D:\dev\netbeans\webcommon\modules\ext\js-language-24.0.0.jar;D:\dev\netbeans\webcommon\modules\ext\js-scriptengine-24.0.0.jar;D:\dev\netbeans\webcommon\modules\ext\regex-24.0.0.jar;D:\dev\netbeans\webcommon\modules\ext\icu4j-24.0.0.jar;D:\dev\netbeans\ide\modules\ext\collections-24.0.0.jar;D:\dev\netbeans\ide\modules\ext\jline-24.0.0.jar;D:\dev\netbeans\ide\modules\ext\jniutils-24.0.0.jar;D:\dev\netbeans\ide\modules\ext\launcher-common-24.0.0.jar;D:\dev\netbeans\ide\modules\ext\nativeimage-24.0.0.jar;D:\dev\netbeans\ide\modules\ext\polyglot-24.0.0.jar;D:\dev\netbeans\ide\modules\ext\word-24.0.0.jar;D:\dev\netbeans\ide\modules\ext\truffle-api-24.0.0.jar;D:\dev\netbeans\ide\modules\ext\truffle-compiler-24.0.0.jar;D:\dev\netbeans\ide\modules\ext\truffle-runtime-24.0.0.jar" />
    <property name="libs.javaee-web-api-6.0.classpath" value="D:\dev\netbeans\enterprise\modules\ext\javaee-web-api-6.0.jar" />
    <property name="libs.jsp-compiler.javadoc" value="" />
    <property name="debug.test.modulepath" value="" />
    <property name="libs.javaee-web-api-7.0.classpath" value="D:\dev\netbeans\enterprise\modules\ext\javaee-web-api-7.0.jar" />
    <property name="file.encoding" value="Cp1252" />
    <property name="java.util.logging.config.class" value="org.netbeans.core.startup.TopLogging" />
    <property name="libs.restlib.javadoc" value="" />
    <property name="libs.absolutelayout.classpath" value="D:\dev\netbeans\java\modules\ext\AbsoluteLayout.jar" />
    <property name="do.archive" value="true" />
    <property name="built-jar.properties" value="D:\dev\workspace\FURB\FURB-2024_01-POO-SQ\projeto.pratico.poo.bcc\build\built-jar.properties" />
    <property name="nb.native.filechooser" value="false" />
    <property name="libs.testng.src" value="" />
    <property name="libs.javaee-web-api-8.0.classpath" value="D:\dev\netbeans\enterprise\modules\ext\javaee-web-api-8.0.jar" />
    <property name="platform.active" value="default_platform" />
    <property name="manifest.file" value="manifest.mf" />
    <property name="sun.io.unicode.encoding" value="UnicodeLittle" />
    <property name="default.javac.source" value="17" />
    <property name="libs.javaee-web-api-8.0.javadoc" value="D:\dev\netbeans\enterprise\docs\javaee-doc-api.jar" />
    <property name="netbeans.dynamic.classpath" value="D:\dev\netbeans\platform\core\asm-9.7.jar;D:\dev\netbeans\platform\core\asm-commons-9.7.jar;D:\dev\netbeans\platform\core\asm-tree-9.7.jar;D:\dev\netbeans\platform\core\core-base.jar;D:\dev\netbeans\platform\core\core.jar;D:\dev\netbeans\platform\core\org-netbeans-libs-asm.jar;D:\dev\netbeans\platform\core\org-openide-filesystems-compat8.jar;D:\dev\netbeans\platform\core\org-openide-filesystems.jar;D:\dev\netbeans\nb\core\org-netbeans-upgrader.jar;D:\dev\netbeans\nb\core\locale\core_nb.jar" />
    <property name="flatlaf.nativeLibraryPath" value="system" />
    <property name="libs.eclipselinkmodelgen.classpath" value="D:\dev\netbeans\java\modules\ext\eclipselink\org.eclipse.persistence.jpa.modelgen.processor-2.7.12.jar" />
    <property name="truffle.UseFallbackRuntime" value="true" />
    <property name="javac.systemmodulepath.cmd.line.arg" value="" />
    <property name="netbeans.buildnumber" value="22-0d0bfcf3faf364a2643238f2a44e1bb6eb8217bd" />
    <property name="php.global.include.path" value="" />
    <property name="endorsed.classpath.cmd.line.arg" value="" />
    <property name="libs.jpa20-persistence.maven-pom" value="" />
    <property name="os.name" value="Windows 11" />
    <property name="build.sysclasspath" value="ignore" />
    <property name="libs.CopyLibs.maven-pom" value="" />
    <property name="libs.jakartaee-api-8.0.maven-pom" value="" />
    <property name="jdkBug6558476" value="false" />
    <property name="javadoc.author" value="false" />
    <property name="main.class" value="" />
    <property name="libs.jsp-compilation-syscp.javadoc" value="" />
    <property name="source.encoding" value="UTF-8" />
    <property name="jar.compress" value="false" />
    <property name="libs.javaee-api-7.0.javadoc" value="D:\dev\netbeans\enterprise\docs\javaee-doc-api.jar" />
    <property name="flatlaf.updateUIOnSystemFontChange" value="false" />
    <property name="libs.spring-webmvc5.0.src" value="" />
    <property name="libs.jsf20.maven-pom" value="" />
    <property name="libs.restlib.classpath" value="D:\dev\netbeans\enterprise\modules\ext\jersey2\jakarta.annotation-api-2.1.1.jar;D:\dev\netbeans\enterprise\modules\ext\jersey2\jakarta.persistence-api-2.2.3.jar;D:\dev\netbeans\enterprise\modules\ext\jersey2\jakarta.servlet-api-4.0.4.jar;D:\dev\netbeans\enterprise\modules\ext\jersey2\jakarta.validation-api-2.0.2.jar;D:\dev\netbeans\enterprise\modules\ext\jersey2\jakarta.xml.bind-api-2.3.3.jar;D:\dev\netbeans\enterprise\modules\ext\jersey2\jersey-client-2.35.jar;D:\dev\netbeans\enterprise\modules\ext\jersey2\jersey-common-2.35.jar;D:\dev\netbeans\enterprise\modules\ext\jersey2\jersey-server-2.35.jar;D:\dev\netbeans\enterprise\modules\ext\jersey2\jersey-entity-filtering-2.35.jar;D:\dev\netbeans\enterprise\modules\ext\jersey2\jersey-hk2-2.35.jar;D:\dev\netbeans\enterprise\modules\ext\jersey2\jersey-media-moxy-2.35.jar;D:\dev\netbeans\enterprise\modules\ext\jersey2\jersey-container-servlet-2.35.jar;D:\dev\netbeans\enterprise\modules\ext\jersey2\jersey-container-servlet-core-2.35.jar;D:\dev\netbeans\enterprise\modules\ext\jersey2\hk2-api-2.6.1.jar;D:\dev\netbeans\enterprise\modules\ext\jersey2\hk2-locator-2.6.1.jar;D:\dev\netbeans\enterprise\modules\ext\jersey2\hk2-utils-2.6.1.jar;D:\dev\netbeans\enterprise\modules\ext\jersey2\jakarta.inject-2.6.1.jar;D:\dev\netbeans\enterprise\modules\ext\jersey2\aopalliance-repackaged-2.6.1.jar;D:\dev\netbeans\enterprise\modules\ext\jersey2\osgi.core-8.0.0.jar;D:\dev\netbeans\enterprise\modules\ext\jersey2\osgi-resource-locator-1.0.3.jar;D:\dev\netbeans\java\modules\ext\eclipselink\org.eclipse.persistence.core-2.7.12.jar;D:\dev\netbeans\java\modules\ext\eclipselink\org.eclipse.persistence.asm-9.4.0.jar;D:\dev\netbeans\java\modules\ext\eclipselink\org.eclipse.persistence.antlr-2.7.12.jar;D:\dev\netbeans\java\modules\ext\eclipselink\org.eclipse.persistence.jpa-2.7.12.jar;D:\dev\netbeans\java\modules\ext\eclipselink\org.eclipse.persistence.jpa.jpql-2.7.12.jar;D:\dev\netbeans\java\modules\ext\eclipselink\org.eclipse.persistence.moxy-2.7.12.jar" />
    <property name="libs.jakartaee-web-api-8.0.javadoc" value="D:\dev\netbeans\enterprise\docs\jakartaee8-doc-api.jar" />
    <property name="libs.graaljs.src" value="" />
    <property name="run.jvmargs" value="" />
    <property name="libs.primefaces.src" value="" />
    <property name="ant.file" value="D:\dev\workspace\FURB\FURB-2024_01-POO-SQ\projeto.pratico.poo.bcc\build.xml" />
    <property name="path.separator" value=";" />
    <property name="libs.JAXB-ENDORSED.classpath" value="D:\dev\netbeans\ide\modules\ext\jaxb\api\jaxb-api.jar" />
    <property name="libs.restlib.src" value="" />
    <property name="build.test.results.dir" value="build/test/results" />
    <property name="libs.jaxws21.javadoc" value="D:\dev\netbeans\java\docs\jaxws-api-doc.zip" />
    <property name="libs.javaee-endorsed-api-6.0.javadoc" value="D:\dev\netbeans\enterprise\docs\javaee-doc-api.jar" />
    <property name="ap.processors.internal" value="" />
    <property name="module.name" value="" />
    <property name="libs.spring-webmvc5.0.javadoc" value="" />
    <property name="libs.hamcrest.javadoc" value="" />
    <property name="do.jar" value="true" />
    <property name="java.vm.info" value="mixed mode, sharing" />
    <property name="libs.primefaces.classpath" value="D:\dev\netbeans\enterprise\modules\ext\primefaces\primefaces-5.0.jar" />
    <property name="libs.jaxws21.maven-pom" value="" />
    <property name="run.test.classpath" value="D:\dev\netbeans\platform\modules\ext\junit-4.13.2.jar:D:\dev\netbeans\platform\modules\ext\hamcrest-core-1.3.jar:build/classes:build/test/classes" />
    <property name="dist.jlink.output" value="dist/jlink/projeto.pratico.poo.bcc" />
    <property name="java.class.version" value="61.0" />
    <property name="javadoc.encoding.used" value="UTF-8" />
    <property name="src.dir" value="src" />
    <property name="debug.classpath" value="D:\dev\netbeans\platform\modules\ext\junit-4.13.2.jar:D:\dev\netbeans\platform\modules\ext\hamcrest-core-1.3.jar:build/classes" />
    <property name="ant.project.default-target" value="default" />
    <property name="excludes" value="" />
    <property name="libs.javaee-api-7.0.src" value="" />
    <property name="sun.jnu.encoding" value="Cp1252" />
    <property name="run.test.jvmargs" value="" />
    <property name="libs.junit_4.javadoc" value="D:\dev\netbeans\platform\docs\junit-4.13.2-javadoc.jar" />
    <property name="sun.java2d.dpiaware" value="true" />
    <property name="libs.jsf20.javadoc" value="D:\dev\netbeans\enterprise\docs\javaee-doc-api.jar" />
    <property name="netbeans.importclass" value="org.netbeans.upgrade.AutoUpgrade" />
    <property name="netbeans.autoupdate.version" value="1.23" />
    <property name="empty.dir" value="D:\dev\workspace\FURB\FURB-2024_01-POO-SQ\projeto.pratico.poo.bcc\build\empty" />
    <property name="libs.jakartaee-api-10.0.classpath" value="D:\dev\netbeans\enterprise\modules\ext\jakarta.jakartaee-api-10.0.0.jar" />
    <property name="netbeans.user" value="C:\Users\andre\AppData\Roaming\NetBeans\22" />
    <property name="javac.includes.binary" value="D:\dev\workspace\FURB\FURB-2024_01-POO-SQ\projeto.pratico.poo.bcc\build\test\classes\com\furb\poo\exercicios\lista12\questao01\model\ImovelTest.class" />
    <property name="file.separator" value="\" />
    <property name="line.separator" value="&#xd;&#xa;" />
    <property name="javadoc.additionalparam" value="" />
    <property name="libs.spring-webmvc5.0.classpath" value="D:\dev\netbeans\java\modules\ext\spring-5\spring-webmvc-5.3.31.jar" />
    <property name="org.apache.commons.logging.LogFactory" value="org.apache.commons.logging.impl.LogFactoryImpl" />
    <property name="javac.debug" value="true" />
    <property name="libs.restlib.maven-pom" value="" />
    <property name="libs.testng.classpath" value="D:\dev\netbeans\platform\modules\ext\testng-6.14.3.jar;D:\dev\netbeans\platform\modules\ext\jcommander-1.78.jar" />
    <property name="libs.jsp-compiler.src" value="" />
    <property name="user.name" value="andre" />
    <property name="build.classes.dir" value="build/classes" />
    <property name="javadoc.windowtitle" value="" />
    <property name="nb.junit.single" value="false" />
    <property name="nb.internal.action.name" value="run.single" />
    <property name="libs.javaee-api-8.0.maven-pom" value="" />
    <property name="libs.jaxws21.src" value="" />
    <property name="libs.jakartaee-web-api-9.0.javadoc" value="D:\dev\netbeans\enterprise\docs\jakartaee9-doc-api.jar" />
    <property name="apple.awt.application.appearance" value="system" />
    <property name="jna.loaded" value="true" />
    <property name="libs.junit_5.maven-pom" value="" />
    <property name="libs.jpa20-persistence.javadoc" value="D:\dev\netbeans\java\modules\ext\docs\jakarta.persistence-2.2.3-doc.zip" />
    <property name="ant.junit.enabletestlistenerevents" value="true" />
    <property name="libs.JWSAntTasks.src" value="" />
    <property name="ant.home" value="D:\dev\netbeans\extide\ant" />
    <property name="debug.test.classpath" value="D:\dev\netbeans\platform\modules\ext\junit-4.13.2.jar:D:\dev\netbeans\platform\modules\ext\hamcrest-core-1.3.jar:build/classes:build/test/classes" />
    <property name="have.tests" value="true" />
    <property name="javac.external.vm" value="true" />
    <property name="testng.debug.mode" value="" />
    <property name="javac.target" value="17" />
    <property name="ant.version" value="Apache Ant(TM) version 1.10.14 compiled on August 16 2023" />
    <property name="libs.absolutelayout.maven-pom" value="" />
    <property name="java.failonerror" value="true" />
    <property name="libs.spring-framework500.src" value="" />
    <property name="javac.modulepath" value="" />
    <property name="user.properties.file" value="C:\Users\andre\AppData\Roaming\NetBeans\22\build.properties" />
    <property name="libs.javaee-api-6.0.src" value="" />
    <property name="javac.includes" value="com/furb/poo/exercicios/lista12/questao01/model/ImovelTest.java" />
    <property name="netbeans.autoupdate.country" value="BR" />
    <property name="java.class.path" value="D:\dev\netbeans\platform\modules\ext\junit-4.13.2.jar;D:\dev\netbeans\platform\modules\ext\hamcrest-core-1.3.jar;D:\dev\workspace\FURB\FURB-2024_01-POO-SQ\projeto.pratico.poo.bcc\build\classes;D:\dev\workspace\FURB\FURB-2024_01-POO-SQ\projeto.pratico.poo.bcc\build\test\classes;D:\dev\netbeans\extide\ant\lib\ant-launcher.jar;D:\dev\netbeans\extide\ant\lib\ant.jar;D:\dev\netbeans\extide\ant\lib\ant-junit.jar;D:\dev\netbeans\extide\ant\lib\ant-junit4.jar" />
    <property name="libs.javaee-web-api-6.0.maven-pom" value="" />
    <property name="java.vm.vendor" value="Oracle Corporation" />
    <property name="ap.supported.internal" value="true" />
    <property name="user.variant" value="" />
    <property name="netbeans.home+have.tests" value="true" />
    <property name="test.binaryexcludes" value="" />
    <property name="javac.compilerargs" value="" />
    <property name="libs.jstl.maven-pom" value="" />
    <property name="libs.jakartaee-web-api-8.0.src" value="" />
    <property name="sun.cpu.endian" value="little" />
    <property name="libs.jakartaee-api-9.0.src" value="" />
    <property name="libs.junit_4.src" value="D:\dev\netbeans\platform\docs\junit-4.13.2-sources.jar" />
    <property name="libs.jakartaee-web-api-11.0.javadoc" value="D:\dev\netbeans\enterprise\docs\jakartaee11-doc-api.jar" />
    <property name="user.language" value="pt" />
    <property name="copylibs.rebase" value="true" />
    <property name="libs.javaee-web-api-6.0.src" value="" />
    <property name="maven.defaultProjectBuilder.disableGlobalModelCache" value="true" />
    <property name="javadoc.nonavbar" value="false" />
    <property name="libs.javaee-api-8.0.src" value="" />
    <property name="ant.java.version" value="17" />
    <property name="libs.junit_4.classpath" value="D:\dev\netbeans\platform\modules\ext\junit-4.13.2.jar" />
    <property name="libs.jakartaee-api-9.0.javadoc" value="D:\dev\netbeans\enterprise\docs\jakartaee9-doc-api.jar" />
    <property name="jlink.launcher.name" value="projeto.pratico.poo.bcc" />
    <property name="test.binarytestincludes" value="" />
    <property name="sun.awt.keepWorkingSetOnMinimize" value="true" />
    <property name="libs.junit_4.maven-pom" value="" />
    <property name="libs.spring-webmvc5.0.maven-pom" value="" />
    <property name="libs.jsp-compiler.maven-pom" value="" />
    <property name="runtime.encoding" value="UTF-8" />
    <property name="jlink.additionalmodules" value="" />
    <property name="libs.jakartaee-web-api-10.0.javadoc" value="D:\dev\netbeans\enterprise\docs\jakartaee10-doc-api.jar" />
    <property name="libs.jakartaee-web-api-8.0.classpath" value="D:\dev\netbeans\enterprise\modules\ext\jakarta.jakartaee-web-api-8.0.0.jar" />
    <property name="javac.classpath" value="D:\dev\netbeans\platform\modules\ext\junit-4.13.2.jar:D:\dev\netbeans\platform\modules\ext\hamcrest-core-1.3.jar" />
    <property name="dist.jlink.dir" value="dist/jlink" />
    <property name="nb.junit.batch" value="true" />
    <property name="libs.jakartaee-web-api-10.0.maven-pom" value="" />
    <property name="build.test.classes.dir" value="build/test/classes" />
    <property name="ant.project.invoked-targets" value="test-single" />
    <property name="libs.jstl.classpath" value="D:\dev\netbeans\enterprise\modules\ext\jstl-impl.jar;D:\dev\netbeans\enterprise\modules\ext\jstl-api.jar" />
    <property name="ap.cmd.line.internal" value="" />
    <property name="libs.PostgreSQLDriver.src" value="" />
    <property name="java.vendor.url.bug" value="https://bugreport.java.com/bugreport/" />
    <property name="annotation.processing.source.output" value="build/generated-sources/ap-source-output" />
    <property name="user.dir" value="D:\dev\workspace\FURB\FURB-2024_01-POO-SQ\projeto.pratico.poo.bcc" />
    <property name="libs.javaee-endorsed-api-6.0.maven-pom" value="" />
    <property name="platform.java" value="C:\Program Files\Java\jdk-17.0.2/bin/java" />
    <property name="application.args" value="" />
    <property name="org.xml.sax.driver" value="com.sun.org.apache.xerces.internal.jaxp.SAXParserImpl$JAXPSAXParser" />
    <property name="libs.jakartaee-web-api-8.0.maven-pom" value="" />
    <property name="libs.eclipselink.src" value="" />
    <property name="java.vm.version" value="17.0.2+8-LTS-86" />
    <property name="libs.metro.javadoc" value="D:\dev\netbeans\enterprise\docs\webservices-api-javadoc.jar;D:\dev\netbeans\enterprise\docs\webservices-extra-javadoc.jar;D:\dev\netbeans\enterprise\docs\webservices-extra-api-javadoc.jar;D:\dev\netbeans\enterprise\docs\webservices-rt-javadoc.jar;D:\dev\netbeans\enterprise\docs\webservices-tools-javadoc.jar" />
    <property name="libs.jakartaee-web-api-9.0.src" value="" />
    <property name="libs.jakartaee-web-api-10.0.classpath" value="D:\dev\netbeans\enterprise\modules\ext\jakarta.jakartaee-web-api-10.0.0.jar" />
    <property name="test.class" value="com.furb.poo.exercicios.lista12.questao01.model.ImovelTest" />
    <property name="sun.awt.datatransfer.timeout" value="1000" />
    <property name="libs.javaee-web-api-7.0.src" value="" />
    <property name="annotation.processing.run.all.processors" value="true" />
    <property name="libs.jakartaee-api-8.0.src" value="" />
    <property name="libs.jsp-compiler.classpath" value="D:\dev\netbeans\enterprise\ant\extra\jspcompile.jar" />
    <property name="junit.forkmode" value="perTest" />
    <property name="libs.javaee-endorsed-api-6.0.classpath" value="D:\dev\netbeans\enterprise\modules\ext\javaee6-endorsed\javax.annotation.jar;D:\dev\netbeans\enterprise\modules\ext\javaee6-endorsed\jaxb-api-osgi.jar;D:\dev\netbeans\enterprise\modules\ext\javaee6-endorsed\webservices-api-osgi.jar" />
  </properties>
  <testcase classname="com.furb.poo.exercicios.lista12.questao01.model.ImovelTest" name="testRecusarCalcularIptuImovelSemAreaDefinida" time="0.004" />
  <testcase classname="com.furb.poo.exercicios.lista12.questao01.model.ImovelTest" name="testCalcularImpostoImoveisResidenciais" time="0.001" />
  <testcase classname="com.furb.poo.exercicios.lista12.questao01.model.ImovelTest" name="testCalcularImpostoImoveisIndustriaisAte2MilMetrosArea" time="0.0" />
  <testcase classname="com.furb.poo.exercicios.lista12.questao01.model.ImovelTest" name="testCalcularImpostoImoveisIndustriaisAcima2MilMetrosArea" time="0.0" />
  <testcase classname="com.furb.poo.exercicios.lista12.questao01.model.ImovelTest" name="testCalcularImpostoImoveisComerciaisAte100MetrosArea" time="0.0" />
  <testcase classname="com.furb.poo.exercicios.lista12.questao01.model.ImovelTest" name="testRecusarCalcularIptuImovelSemBairroDefinido" time="0.0" />
  <testcase classname="com.furb.poo.exercicios.lista12.questao01.model.ImovelTest" name="testCalcularImpostoImoveisComerciaisAcimaDe400MetrosArea" time="0.001" />
  <testcase classname="com.furb.poo.exercicios.lista12.questao01.model.ImovelTest" name="testRecusarAreaNegativa" time="0.0" />
  <testcase classname="com.furb.poo.exercicios.lista12.questao01.model.ImovelTest" name="testCalcularImpostoImoveisCoeficienteIptuBairro2_5" time="0.0" />
  <testcase classname="com.furb.poo.exercicios.lista12.questao01.model.ImovelTest" name="testCalcularImpostoImoveisComerciaisEntre100e400MetrosArea" time="0.0" />
  <testcase classname="com.furb.poo.exercicios.lista12.questao01.model.ImovelTest" name="testRecusarCalcularIptuImovelSemFinalidadeDefinida" time="0.0" />
  <system-out><![CDATA[]]></system-out>
  <system-err><![CDATA[]]></system-err>
</testsuite>
